[info] | 2025-07-13 11:53:18 | WebUI 端口: 3080

[info] | 2025-07-13 11:53:18 | LLOneBot/5.4.1

[info] | 2025-07-13 11:53:18 | OneBot V11 WebSocket server started 127.0.0.1:3001

[info] | 2025-07-13 11:53:18 | auto creating table message

[info] | 2025-07-13 11:53:18 | OneBot V11 HTTP SSE started 127.0.0.1:3000/_events

[info] | 2025-07-13 11:53:18 | auto creating table file_v2

[info] | 2025-07-13 11:53:18 | auto creating table forward

[info] | 2025-07-13 11:53:18 | OneBot V11 HTTP server started 127.0.0.1:3000

[info] | 2025-07-13 11:53:35 | [收-群] 黑羽拔毛④群(812530525) 海鬣哈(724925498)：
[图片]9F7328A8C0E72E4F15C812DF27B32EDA.jpg


[info] | 2025-07-13 11:53:35 | 发包获取rkey成功,private:&rkey=CAISMI6sUQfYuL1wjHy43TupfyUHvd2Yl9uqhSgCWukejH3y7sgjRMF2WXff5QSUTKet3A, group:&rkey=CAISMI6sUQfYuL1wjHy43TupfyUHvd2Yl9uqhRGcY6CJuf941Sx0NBv_yHX0NbiVpzviLw

[info] | 2025-07-13 11:53:35 | 发包获取rkey成功,private:&rkey=CAQSMNL1MVoWWw5YHanDQ57VKDNBNZtmf0UA01EGf2uXF6lcWdiHt1FcN32Ws_55-mf8XA, group:&rkey=CAQSMNL1MVoWWw5YHanDQ57VKDNBNZtmf0UA0_u0nS5LlcBHUCd3619cCThbN08UKZnHyQ

[info] | 2025-07-13 11:53:36 | [收-群] 叨友会 × 铁甲小宝(909314606) 诠释(2096033255)：
十二点才起

[info] | 2025-07-13 11:53:50 | [收-群] 叨友会 × 铁甲小宝(909314606) 诠释(2096033255)：
你退群吧，没有资格当群主

[info] | 2025-07-13 11:54:02 | [收-群] 叨友会 × 铁甲小宝(909314606) 诠释(2096033255)：
[图片]A2FF6E31854B81583A5EA76B274C438D.0


[info] | 2025-07-13 11:54:34 | [收-群] 中国显卡集中营(582425999) 新鲜的冷空气(202833977)：
等下次换笔记本，继续换这种带超强核显的轻薄本

[info] | 2025-07-13 11:54:35 | [收-群] 艾泽弗洛伊魔fa协会(554895707) 滴露邦达(1093710236)：
[图片]3CE96802C5F0B66E1576B069CD641426.jpg


[info] | 2025-07-13 11:54:43 | [收-群] 中国显卡集中营(582425999) 知更(2307299506)：
苹果本就续航厉害吧

